{"level":"info","msg":"Request received","time":"2023-05-21 10:37:34"}
{"ServiceName":"Test Service","ServiceURL":"http://localhost:8111","level":"info","msg":"Adding service:","time":"2023-05-21 10:37:37"}
{"level":"info","msg":"Remove service at URL:http://localhost:8111","time":"2023-05-21 10:37:40"}
{"ServiceName":"Test Service","ServiceURL":"http://localhost:8111","level":"info","msg":"Adding service:","time":"2023-05-21 10:37:41"}
{"level":"info","msg":"Request received","time":"2023-05-21 11:00:31"}
{"level":"info","msg":"Remove service at URL:http://localhost:8111","time":"2023-05-21 11:00:32"}
{"level":"error","msg":"Not found serviceName: Test Service ,not found URL: http://localhost:8111","time":"2023-05-21 11:00:32"}
{"ServiceName":"Test Service","ServiceURL":"http://localhost:8111","level":"info","msg":"Adding service:","time":"2023-05-21 11:00:38"}
{"level":"info","msg":"Remove service at URL:http://localhost:8111","time":"2023-05-21 11:00:42"}
{"ServiceName":"Test Service","ServiceURL":"http://localhost:8111","level":"info","msg":"Adding service:","time":"2023-05-21 11:00:46"}
{"level":"info","msg":"Remove service at URL:http://localhost:8111","time":"2023-05-21 11:00:46"}
{"ServiceName":"Test Service","ServiceURL":"http://localhost:8111","level":"info","msg":"Adding service:","time":"2023-05-21 11:00:50"}
{"level":"info","msg":"Remove service at URL:http://localhost:8111","time":"2023-05-21 11:00:53"}
{"level":"info","msg":"Request received","time":"2023-05-21 11:00:56"}
{"ServiceName":"Test Service","ServiceURL":"http://localhost:8111","level":"info","msg":"Adding service:","time":"2023-05-21 11:01:00"}
{"level":"info","msg":"Request received","time":"2023-05-21 11:02:41"}
{"ServiceName":"Test Service","ServiceURL":"http://localhost:8111","level":"info","msg":"Adding service:","time":"2023-05-21 11:02:43"}
{"level":"info","msg":"Request received","time":"2023-05-21 11:56:40"}
{"level":"info","msg":"Remove service at URL:http://localhost:8111","time":"2023-05-21 11:56:42"}
{"level":"error","msg":"Not found serviceName: Test Service ,not found URL: http://localhost:8111","time":"2023-05-21 11:56:42"}
{"ServiceName":"Test Service","ServiceURL":"http://localhost:8111","level":"info","msg":"Adding service:","time":"2023-05-21 11:56:43"}
{"level":"info","msg":"Request received","time":"2023-05-21 12:17:31"}
{"ServiceName":"Test Service","ServiceURL":"http://localhost:8111","level":"info","msg":"Adding service:","time":"2023-05-21 12:17:33"}
{"level":"info","msg":"Remove service at URL:http://localhost:8111","time":"2023-05-21 12:18:28"}
{"ServiceName":"Test Service","ServiceURL":"http://localhost:8111","level":"info","msg":"Adding service:","time":"2023-05-21 12:18:31"}
{"level":"info","msg":"Remove service at URL:http://localhost:8111","time":"2023-05-21 12:19:23"}
{"ServiceName":"Test Service","ServiceURL":"http://localhost:8111","level":"info","msg":"Adding service:","time":"2023-05-21 12:19:26"}
{"level":"info","msg":"Remove service at URL:http://localhost:8111","time":"2023-05-21 12:20:10"}
{"ServiceName":"Test Service","ServiceURL":"http://localhost:8111","level":"info","msg":"Adding service:","time":"2023-05-21 12:20:11"}
{"level":"info","msg":"Remove service at URL:http://localhost:8111","time":"2023-05-21 12:20:33"}
{"ServiceName":"Test Service","ServiceURL":"http://localhost:8111","level":"info","msg":"Adding service:","time":"2023-05-21 12:20:34"}
{"level":"info","msg":"Remove service at URL:http://localhost:8111","time":"2023-05-21 13:55:39"}
{"ServiceName":"Test Service","ServiceURL":"http://localhost:8111","level":"info","msg":"Adding service:","time":"2023-05-21 13:55:41"}
{"level":"info","msg":"Remove service at URL:http://localhost:8111","time":"2023-05-21 13:57:05"}
{"ServiceName":"Test Service","ServiceURL":"http://localhost:8111","level":"info","msg":"Adding service:","time":"2023-05-21 13:57:06"}
{"level":"info","msg":"Remove service at URL:http://localhost:8111","time":"2023-05-21 13:58:02"}
{"ServiceName":"cache","ServiceURL":"http://localhost:8111","level":"info","msg":"Adding service:","time":"2023-05-21 13:58:03"}
{"Selected Instance:":"http://localhost:8111","counts":1,"index":0,"level":"info","msg":"Selected Instance:http://localhost:8111","time":"2023-05-21 13:58:06"}
{"level":"info","msg":"Remove service at URL:http://localhost:8111","time":"2023-05-21 13:59:35"}
{"ServiceName":"cache","ServiceURL":"http://localhost:8111","level":"info","msg":"Adding service:","time":"2023-05-21 13:59:36"}
{"Selected Instance:":"http://localhost:8111","counts":1,"index":0,"level":"info","msg":"Selected Instance:http://localhost:8111","time":"2023-05-21 13:59:39"}
{"level":"info","msg":"Remove service at URL:http://localhost:8111","time":"2023-05-21 13:59:57"}
{"ServiceName":"cache","ServiceURL":"http://localhost:8111","level":"info","msg":"Adding service:","time":"2023-05-21 13:59:58"}
{"Selected Instance:":"http://localhost:8111","counts":1,"index":0,"level":"info","msg":"Selected Instance:http://localhost:8111","time":"2023-05-21 14:00:00"}
{"level":"info","msg":"Remove service at URL:http://localhost:8111","time":"2023-05-21 14:00:13"}
{"ServiceName":"cache","ServiceURL":"http://localhost:8111","level":"info","msg":"Adding service:","time":"2023-05-21 14:00:14"}
{"Selected Instance:":"http://localhost:8111","counts":1,"index":0,"level":"info","msg":"Selected Instance:http://localhost:8111","time":"2023-05-21 14:00:16"}
{"level":"info","msg":"Remove service at URL:http://localhost:8111","time":"2023-05-21 14:02:27"}
{"ServiceName":"cache","ServiceURL":"http://localhost:8111","level":"info","msg":"Adding service:","time":"2023-05-21 14:02:29"}
{"Selected Instance:":"http://localhost:8111","counts":1,"index":0,"level":"info","msg":"Selected Instance:http://localhost:8111","time":"2023-05-21 14:02:30"}
{"level":"info","msg":"Remove service at URL:http://localhost:8111","time":"2023-05-21 14:03:20"}
{"ServiceName":"cache","ServiceURL":"http://localhost:8111","level":"info","msg":"Adding service:","time":"2023-05-21 14:03:21"}
{"Selected Instance:":"http://localhost:8111","counts":1,"index":0,"level":"info","msg":"Selected Instance:http://localhost:8111","time":"2023-05-21 14:03:22"}
{"level":"info","msg":"Remove service at URL:http://localhost:8111","time":"2023-05-21 14:03:51"}
{"ServiceName":"cache","ServiceURL":"http://localhost:8111","level":"info","msg":"Adding service:","time":"2023-05-21 14:03:53"}
{"Selected Instance:":"http://localhost:8111","counts":1,"index":0,"level":"info","msg":"Selected Instance:http://localhost:8111","time":"2023-05-21 14:03:53"}
{"level":"info","msg":"Remove service at URL:http://localhost:8111","time":"2023-05-21 14:04:33"}
{"ServiceName":"cache","ServiceURL":"http://localhost:8111","level":"info","msg":"Adding service:","time":"2023-05-21 14:04:34"}
{"Selected Instance:":"http://localhost:8111","counts":1,"index":0,"level":"info","msg":"Selected Instance:http://localhost:8111","time":"2023-05-21 14:04:35"}
{"Selected Instance:":"http://localhost:8111","counts":1,"index":0,"level":"info","msg":"Selected Instance:http://localhost:8111","time":"2023-05-21 14:05:18"}
{"level":"info","msg":"Remove service at URL:http://localhost:8111","time":"2023-05-21 14:05:48"}
{"ServiceName":"cache","ServiceURL":"http://localhost:8111","level":"info","msg":"Adding service:","time":"2023-05-21 14:05:49"}
{"level":"info","msg":"Remove service at URL:http://localhost:8111","time":"2023-05-21 14:05:50"}
{"ServiceName":"cache","ServiceURL":"http://localhost:8111","level":"info","msg":"Adding service:","time":"2023-05-21 14:05:52"}
{"Selected Instance:":"http://localhost:8111","counts":1,"index":0,"level":"info","msg":"Selected Instance:http://localhost:8111","time":"2023-05-21 14:05:58"}
{"Selected Instance:":"http://localhost:8111","counts":1,"index":0,"level":"info","msg":"Selected Instance:http://localhost:8111","time":"2023-05-21 14:06:03"}
{"level":"info","msg":"Remove service at URL:http://localhost:8111","time":"2023-05-21 14:06:40"}
{"ServiceName":"cache","ServiceURL":"http://localhost:8111","level":"info","msg":"Adding service:","time":"2023-05-21 14:06:42"}
{"Selected Instance:":"http://localhost:8111","counts":1,"index":0,"level":"info","msg":"Selected Instance:http://localhost:8111","time":"2023-05-21 14:06:43"}
{"Selected Instance:":"http://localhost:8111","counts":1,"index":0,"level":"info","msg":"Selected Instance:http://localhost:8111","time":"2023-05-21 14:06:49"}
{"Selected Instance:":"http://localhost:8111","counts":1,"index":0,"level":"info","msg":"Selected Instance:http://localhost:8111","time":"2023-05-21 14:07:04"}
{"level":"info","msg":"Remove service at URL:http://localhost:8111","time":"2023-05-21 14:08:16"}
{"level":"info","msg":"Request received","time":"2023-05-21 14:08:23"}
{"ServiceName":"cache","ServiceURL":"http://localhost:8111","level":"info","msg":"Adding service:","time":"2023-05-21 14:08:24"}
{"Selected Instance:":"http://localhost:8111","counts":1,"index":0,"level":"info","msg":"Selected Instance:http://localhost:8111","time":"2023-05-21 14:08:27"}
{"level":"info","msg":"Remove service at URL:http://localhost:8111","time":"2023-05-21 14:09:48"}
{"ServiceName":"cache","ServiceURL":"http://localhost:8111","level":"info","msg":"Adding service:","time":"2023-05-21 14:09:49"}
{"level":"info","msg":"Remove service at URL:http://localhost:8111","time":"2023-05-21 14:09:50"}
{"ServiceName":"cache","ServiceURL":"http://localhost:8111","level":"info","msg":"Adding service:","time":"2023-05-21 14:09:52"}
{"Selected Instance:":"http://localhost:8111","counts":1,"index":0,"level":"info","msg":"Selected Instance:http://localhost:8111","time":"2023-05-21 14:09:53"}
{"Selected Instance:":"http://localhost:8111","counts":1,"index":0,"level":"info","msg":"Selected Instance:http://localhost:8111","time":"2023-05-21 14:09:57"}
{"level":"info","msg":"Remove service at URL:http://localhost:8111","time":"2023-05-21 14:14:54"}
{"ServiceName":"cache","ServiceURL":"http://localhost:8111","level":"info","msg":"Adding service:","time":"2023-05-21 14:14:58"}
{"Selected Instance:":"http://localhost:8111","counts":1,"index":0,"level":"info","msg":"Selected Instance:http://localhost:8111","time":"2023-05-21 14:15:00"}
{"level":"info","msg":"Remove service at URL:http://localhost:8111","time":"2023-05-21 14:15:02"}
{"ServiceName":"cache","ServiceURL":"http://localhost:8111","level":"info","msg":"Adding service:","time":"2023-05-21 14:15:06"}
{"Selected Instance:":"http://localhost:8111","counts":1,"index":0,"level":"info","msg":"Selected Instance:http://localhost:8111","time":"2023-05-21 14:15:08"}
{"level":"info","msg":"Remove service at URL:http://localhost:8111","time":"2023-05-21 14:23:31"}
{"ServiceName":"cache","ServiceURL":"http://localhost:8111","level":"info","msg":"Adding service:","time":"2023-05-21 14:23:35"}
{"level":"info","msg":"Remove service at URL:http://localhost:8111","time":"2023-05-21 14:23:36"}
{"ServiceName":"cache","ServiceURL":"http://localhost:8111","level":"info","msg":"Adding service:","time":"2023-05-21 14:23:38"}
{"level":"info","msg":"Remove service at URL:http://localhost:8111","time":"2023-05-21 14:23:39"}
{"level":"info","msg":"Request received","time":"2023-05-21 14:23:49"}
{"ServiceName":"cache","ServiceURL":"http://localhost:8111","level":"info","msg":"Adding service:","time":"2023-05-21 14:23:53"}
{"level":"info","msg":"Remove service at URL:http://localhost:8111","time":"2023-05-21 14:24:31"}
{"ServiceName":"cache","ServiceURL":"http://localhost:8111","level":"info","msg":"Adding service:","time":"2023-05-21 14:24:32"}
{"Selected Instance:":"http://localhost:8111","counts":1,"index":0,"level":"info","msg":"Selected Instance:http://localhost:8111","time":"2023-05-21 14:24:35"}
{"Selected Instance:":"http://localhost:8111","counts":1,"index":0,"level":"info","msg":"Selected Instance:http://localhost:8111","time":"2023-05-21 14:24:37"}
{"level":"info","msg":"Request received","time":"2023-05-21 14:25:54"}
{"level":"info","msg":"Remove service at URL:http://localhost:8111","time":"2023-05-21 14:25:56"}
{"level":"error","msg":"Not found serviceName: cache ,not found URL: http://localhost:8111","time":"2023-05-21 14:25:56"}
{"ServiceName":"cache","ServiceURL":"http://localhost:8111","level":"info","msg":"Adding service:","time":"2023-05-21 14:25:58"}
{"level":"info","msg":"[心跳检测] 检测通过...","sericeName":"cache","serviceURL":"http://localhost:8111","time":"2023-05-21 14:25:59"}
{"level":"info","msg":"[心跳检测] 检测通过...","sericeName":"cache","serviceURL":"http://localhost:8111","time":"2023-05-21 14:25:59"}
{"level":"info","msg":"[心跳检测] 检测通过...","sericeName":"cache","serviceURL":"http://localhost:8111","time":"2023-05-21 14:25:59"}
{"level":"info","msg":"[心跳检测] 检测通过...","sericeName":"cache","serviceURL":"http://localhost:8111","time":"2023-05-21 14:26:04"}
{"level":"info","msg":"[心跳检测] 检测通过...","sericeName":"cache","serviceURL":"http://localhost:8111","time":"2023-05-21 14:26:04"}
{"level":"info","msg":"[心跳检测] 检测通过...","sericeName":"cache","serviceURL":"http://localhost:8111","time":"2023-05-21 14:26:04"}
{"level":"info","msg":"[心跳检测] 检测通过...","sericeName":"cache","serviceURL":"http://localhost:8111","time":"2023-05-21 14:26:09"}
{"level":"info","msg":"[心跳检测] 检测通过...","sericeName":"cache","serviceURL":"http://localhost:8111","time":"2023-05-21 14:26:09"}
{"level":"info","msg":"[心跳检测] 检测通过...","sericeName":"cache","serviceURL":"http://localhost:8111","time":"2023-05-21 14:26:09"}
{"level":"info","msg":"[心跳检测] 检测通过...","sericeName":"cache","serviceURL":"http://localhost:8111","time":"2023-05-21 14:26:14"}
{"level":"info","msg":"[心跳检测] 检测通过...","sericeName":"cache","serviceURL":"http://localhost:8111","time":"2023-05-21 14:26:14"}
{"level":"info","msg":"[心跳检测] 检测通过...","sericeName":"cache","serviceURL":"http://localhost:8111","time":"2023-05-21 14:26:14"}
{"level":"error","msg":"Post \"http://localhost:9999/services\": dial tcp 127.0.0.1:9999: connect: connection refused","time":"2023-05-21 14:26:51"}
{"level":"info","msg":"Request received","time":"2023-05-21 14:26:53"}
{"ServiceName":"cache","ServiceURL":"http://localhost:8111","level":"info","msg":"Adding service:","time":"2023-05-21 14:26:56"}
{"level":"info","msg":"Remove service at URL:http://localhost:8111","time":"2023-05-21 14:26:57"}
{"ServiceName":"cache","ServiceURL":"http://localhost:8111","level":"info","msg":"Adding service:","time":"2023-05-21 14:26:59"}
{"level":"info","msg":"[心跳检测] 检测通过...","sericeName":"cache","serviceURL":"http://localhost:8111","time":"2023-05-21 14:27:03"}
{"level":"info","msg":"[心跳检测] 检测通过...","sericeName":"cache","serviceURL":"http://localhost:8111","time":"2023-05-21 14:27:03"}
{"level":"info","msg":"[心跳检测] 检测通过...","sericeName":"cache","serviceURL":"http://localhost:8111","time":"2023-05-21 14:27:03"}
{"level":"info","msg":"[心跳检测] 检测通过...","sericeName":"cache","serviceURL":"http://localhost:8111","time":"2023-05-21 14:27:08"}
{"level":"info","msg":"[心跳检测] 检测通过...","sericeName":"cache","serviceURL":"http://localhost:8111","time":"2023-05-21 14:27:08"}
{"level":"info","msg":"[心跳检测] 检测通过...","sericeName":"cache","serviceURL":"http://localhost:8111","time":"2023-05-21 14:27:08"}
{"level":"info","msg":"[心跳检测] 检测通过...","sericeName":"cache","serviceURL":"http://localhost:8111","time":"2023-05-21 14:27:13"}
{"level":"info","msg":"[心跳检测] 检测通过...","sericeName":"cache","serviceURL":"http://localhost:8111","time":"2023-05-21 14:27:13"}
{"level":"info","msg":"[心跳检测] 检测通过...","sericeName":"cache","serviceURL":"http://localhost:8111","time":"2023-05-21 14:27:13"}
{"level":"info","msg":"[心跳检测] 检测通过...","sericeName":"cache","serviceURL":"http://localhost:8111","time":"2023-05-21 14:27:18"}
{"level":"info","msg":"[心跳检测] 检测通过...","sericeName":"cache","serviceURL":"http://localhost:8111","time":"2023-05-21 14:27:18"}
{"level":"info","msg":"[心跳检测] 检测通过...","sericeName":"cache","serviceURL":"http://localhost:8111","time":"2023-05-21 14:27:18"}
{"level":"info","msg":"[心跳检测] 检测通过...","sericeName":"cache","serviceURL":"http://localhost:8111","time":"2023-05-21 14:27:23"}
{"level":"info","msg":"[心跳检测] 检测通过...","sericeName":"cache","serviceURL":"http://localhost:8111","time":"2023-05-21 14:27:23"}
{"level":"info","msg":"[心跳检测] 检测通过...","sericeName":"cache","serviceURL":"http://localhost:8111","time":"2023-05-21 14:27:23"}
{"level":"info","msg":"Remove service at URL:http://localhost:8111","time":"2023-05-21 14:27:24"}
{"level":"info","msg":"Request received","time":"2023-05-21 14:35:54"}
{"ServiceName":"cache","ServiceURL":"http://localhost:8111","level":"info","msg":"Adding service:","time":"2023-05-21 14:35:55"}
{"level":"info","msg":"[心跳检测] 检测通过...","sericeName":"cache","serviceURL":"http://localhost:8111","time":"2023-05-21 14:35:59"}
{"level":"info","msg":"[心跳检测] 检测通过...","sericeName":"cache","serviceURL":"http://localhost:8111","time":"2023-05-21 14:35:59"}
{"level":"info","msg":"[心跳检测] 检测通过...","sericeName":"cache","serviceURL":"http://localhost:8111","time":"2023-05-21 14:35:59"}
{"level":"info","msg":"[心跳检测] 检测通过...","sericeName":"cache","serviceURL":"http://localhost:8111","time":"2023-05-21 14:36:04"}
{"level":"info","msg":"[心跳检测] 检测通过...","sericeName":"cache","serviceURL":"http://localhost:8111","time":"2023-05-21 14:36:04"}
{"level":"info","msg":"[心跳检测] 检测通过...","sericeName":"cache","serviceURL":"http://localhost:8111","time":"2023-05-21 14:36:04"}
{"level":"info","msg":"[心跳检测] 检测通过...","sericeName":"cache","serviceURL":"http://localhost:8111","time":"2023-05-21 14:36:09"}
{"level":"info","msg":"[心跳检测] 检测通过...","sericeName":"cache","serviceURL":"http://localhost:8111","time":"2023-05-21 14:36:09"}
{"level":"info","msg":"[心跳检测] 检测通过...","sericeName":"cache","serviceURL":"http://localhost:8111","time":"2023-05-21 14:36:09"}
{"level":"info","msg":"[心跳检测] 检测通过...","sericeName":"cache","serviceURL":"http://localhost:8111","time":"2023-05-21 14:36:14"}
{"level":"info","msg":"[心跳检测] 检测通过...","sericeName":"cache","serviceURL":"http://localhost:8111","time":"2023-05-21 14:36:14"}
{"level":"info","msg":"[心跳检测] 检测通过...","sericeName":"cache","serviceURL":"http://localhost:8111","time":"2023-05-21 14:36:14"}
{"level":"info","msg":"Remove service at URL:http://localhost:8111","time":"2023-05-21 14:36:15"}
{"ServiceName":"cache","ServiceURL":"http://localhost:8882","level":"info","msg":"Adding service:","time":"2023-05-21 14:40:47"}
{"ServiceName":"cache","ServiceURL":"http://localhost:8883","level":"info","msg":"Adding service:","time":"2023-05-21 14:40:49"}
{"level":"info","msg":"[心跳检测] 检测通过...","sericeName":"cache","serviceURL":"http://localhost:8882","time":"2023-05-21 14:40:49"}
{"level":"info","msg":"[心跳检测] 检测通过...","sericeName":"cache","serviceURL":"http://localhost:8883","time":"2023-05-21 14:40:49"}
{"level":"info","msg":"[心跳检测] 检测通过...","sericeName":"cache","serviceURL":"http://localhost:8882","time":"2023-05-21 14:40:49"}
{"level":"info","msg":"[心跳检测] 检测通过...","sericeName":"cache","serviceURL":"http://localhost:8883","time":"2023-05-21 14:40:49"}
{"level":"info","msg":"[心跳检测] 检测通过...","sericeName":"cache","serviceURL":"http://localhost:8882","time":"2023-05-21 14:40:49"}
{"level":"info","msg":"[心跳检测] 检测通过...","sericeName":"cache","serviceURL":"http://localhost:8883","time":"2023-05-21 14:40:49"}
{"ServiceName":"cache","ServiceURL":"http://localhost:8881","level":"info","msg":"Adding service:","time":"2023-05-21 14:40:53"}
{"level":"info","msg":"[心跳检测] 检测通过...","sericeName":"cache","serviceURL":"http://localhost:8882","time":"2023-05-21 14:40:54"}
{"level":"info","msg":"[心跳检测] 检测通过...","sericeName":"cache","serviceURL":"http://localhost:8883","time":"2023-05-21 14:40:54"}
{"level":"info","msg":"[心跳检测] 检测通过...","sericeName":"cache","serviceURL":"http://localhost:8881","time":"2023-05-21 14:40:54"}
{"level":"info","msg":"[心跳检测] 检测通过...","sericeName":"cache","serviceURL":"http://localhost:8882","time":"2023-05-21 14:40:54"}
{"level":"info","msg":"[心跳检测] 检测通过...","sericeName":"cache","serviceURL":"http://localhost:8883","time":"2023-05-21 14:40:54"}
{"level":"info","msg":"[心跳检测] 检测通过...","sericeName":"cache","serviceURL":"http://localhost:8881","time":"2023-05-21 14:40:54"}
{"level":"info","msg":"[心跳检测] 检测通过...","sericeName":"cache","serviceURL":"http://localhost:8882","time":"2023-05-21 14:40:54"}
{"level":"info","msg":"[心跳检测] 检测通过...","sericeName":"cache","serviceURL":"http://localhost:8883","time":"2023-05-21 14:40:54"}
{"level":"info","msg":"[心跳检测] 检测通过...","sericeName":"cache","serviceURL":"http://localhost:8881","time":"2023-05-21 14:40:54"}
{"level":"info","msg":"Request received","time":"2023-05-21 14:40:57"}
{"level":"info","msg":"Remove service at URL:http://localhost:8881","time":"2023-05-21 14:40:58"}
{"level":"error","msg":"Not found serviceName: cache ,not found URL: http://localhost:8881","time":"2023-05-21 14:40:58"}
{"ServiceName":"cache","ServiceURL":"http://localhost:8881","level":"info","msg":"Adding service:","time":"2023-05-21 14:41:01"}
{"level":"info","msg":"Remove service at URL:http://localhost:8882","time":"2023-05-21 14:41:03"}
{"level":"error","msg":"Found serviceName: cache ,not found URL: http://localhost:8882","time":"2023-05-21 14:41:03"}
{"ServiceName":"cache","ServiceURL":"http://localhost:8882","level":"info","msg":"Adding service:","time":"2023-05-21 14:41:05"}
{"level":"info","msg":"Remove service at URL:http://localhost:8883","time":"2023-05-21 14:41:06"}
{"level":"error","msg":"Found serviceName: cache ,not found URL: http://localhost:8883","time":"2023-05-21 14:41:06"}
{"ServiceName":"cache","ServiceURL":"http://localhost:8883","level":"info","msg":"Adding service:","time":"2023-05-21 14:41:08"}
{"Selected Instance:":"http://localhost:8883","counts":3,"index":2,"level":"info","msg":"Selected Instance:http://localhost:8883","time":"2023-05-21 14:41:57"}
{"level":"error","msg":"参数不全或有误","time":"2023-05-21 14:42:33"}
{"level":"error","msg":"参数不全或有误","time":"2023-05-21 14:42:35"}
{"level":"error","msg":"参数不全或有误","time":"2023-05-21 14:43:42"}
{"Selected Instance:":"http://localhost:8881","counts":3,"index":0,"level":"info","msg":"Selected Instance:http://localhost:8881","time":"2023-05-21 14:44:53"}
{"level":"info","msg":"Remove service at URL:http://localhost:8882","time":"2023-05-21 14:44:59"}
{"ServiceName":"cache","ServiceURL":"http://localhost:8882","level":"info","msg":"Adding service:","time":"2023-05-21 14:45:01"}
{"Selected Instance:":"http://localhost:8883","counts":3,"index":1,"level":"info","msg":"Selected Instance:http://localhost:8883","time":"2023-05-21 14:45:03"}
{"Selected Instance:":"http://localhost:8882","counts":3,"index":2,"level":"info","msg":"Selected Instance:http://localhost:8882","time":"2023-05-21 14:45:06"}
{"Selected Instance:":"http://localhost:8882","counts":3,"index":2,"level":"info","msg":"Selected Instance:http://localhost:8882","time":"2023-05-21 14:45:06"}
{"Selected Instance:":"http://localhost:8883","counts":3,"index":1,"level":"info","msg":"Selected Instance:http://localhost:8883","time":"2023-05-21 14:45:07"}
{"Selected Instance:":"http://localhost:8881","counts":3,"index":0,"level":"info","msg":"Selected Instance:http://localhost:8881","time":"2023-05-21 14:45:08"}
{"Selected Instance:":"http://localhost:8881","counts":3,"index":0,"level":"info","msg":"Selected Instance:http://localhost:8881","time":"2023-05-21 14:45:09"}
{"Selected Instance:":"http://localhost:8881","counts":3,"index":0,"level":"info","msg":"Selected Instance:http://localhost:8881","time":"2023-05-21 14:45:10"}
{"Selected Instance:":"http://localhost:8883","counts":3,"index":1,"level":"info","msg":"Selected Instance:http://localhost:8883","time":"2023-05-21 14:45:11"}
{"Selected Instance:":"http://localhost:8881","counts":3,"index":0,"level":"info","msg":"Selected Instance:http://localhost:8881","time":"2023-05-21 14:45:11"}
{"Selected Instance:":"http://localhost:8882","counts":3,"index":2,"level":"info","msg":"Selected Instance:http://localhost:8882","time":"2023-05-21 14:45:12"}
{"Selected Instance:":"http://localhost:8881","counts":3,"index":0,"level":"info","msg":"Selected Instance:http://localhost:8881","time":"2023-05-21 14:45:12"}
{"Selected Instance:":"http://localhost:8883","counts":3,"index":1,"level":"info","msg":"Selected Instance:http://localhost:8883","time":"2023-05-21 14:45:37"}
{"level":"info","msg":"Remove service at URL:http://localhost:8881","time":"2023-05-21 14:46:54"}
{"level":"info","msg":"Remove service at URL:http://localhost:8882","time":"2023-05-21 14:46:56"}
{"level":"info","msg":"Remove service at URL:http://localhost:8883","time":"2023-05-21 14:46:57"}
{"level":"info","msg":"Request received","time":"2023-05-21 14:47:01"}
{"ServiceName":"cache","ServiceURL":"http://localhost:8881","level":"info","msg":"Adding service:","time":"2023-05-21 14:47:07"}
{"ServiceName":"cache","ServiceURL":"http://localhost:8882","level":"info","msg":"Adding service:","time":"2023-05-21 14:47:10"}
{"ServiceName":"cache","ServiceURL":"http://localhost:8883","level":"info","msg":"Adding service:","time":"2023-05-21 14:47:14"}
{"Selected Instance:":"http://localhost:8881","counts":3,"index":0,"level":"info","msg":"Selected Instance:http://localhost:8881","time":"2023-05-21 14:47:16"}
{"Selected Instance:":"http://localhost:8882","counts":3,"index":1,"level":"info","msg":"Selected Instance:http://localhost:8882","time":"2023-05-21 14:47:20"}
{"Selected Instance:":"http://localhost:8881","counts":3,"index":0,"level":"info","msg":"Selected Instance:http://localhost:8881","time":"2023-05-21 14:47:41"}
{"level":"error","msg":"[心跳检测] 检测错误...","sericeName":"cache","serviceURL":"http://localhost:8883","time":"2023-05-21 15:25:07"}
{"level":"error","msg":"[心跳检测] 检测错误...","sericeName":"cache","serviceURL":"http://localhost:8881","time":"2023-05-21 15:25:07"}
{"level":"error","msg":"[心跳检测] 检测错误...","sericeName":"cache","serviceURL":"http://localhost:8882","time":"2023-05-21 15:25:07"}
{"level":"error","msg":"[心跳检测] 检测错误...","sericeName":"cache","serviceURL":"http://localhost:8883","time":"2023-05-21 15:25:07"}
{"level":"error","msg":"[心跳检测] 检测错误...","sericeName":"cache","serviceURL":"http://localhost:8881","time":"2023-05-21 15:25:07"}
{"level":"error","msg":"[心跳检测] 检测错误...","sericeName":"cache","serviceURL":"http://localhost:8882","time":"2023-05-21 15:25:07"}
{"level":"error","msg":"[心跳检测] 检测错误...","sericeName":"cache","serviceURL":"http://localhost:8883","time":"2023-05-21 15:25:07"}
{"level":"error","msg":"[心跳检测] 检测错误...","sericeName":"cache","serviceURL":"http://localhost:8881","time":"2023-05-21 15:25:12"}
{"level":"error","msg":"[心跳检测] 检测错误...","sericeName":"cache","serviceURL":"http://localhost:8882","time":"2023-05-21 15:25:12"}
{"level":"error","msg":"[心跳检测] 检测错误...","sericeName":"cache","serviceURL":"http://localhost:8881","time":"2023-05-21 15:25:12"}
{"level":"error","msg":"[心跳检测] 检测错误...","sericeName":"cache","serviceURL":"http://localhost:8882","time":"2023-05-21 15:25:12"}
{"level":"error","msg":"[心跳检测] 检测错误...","sericeName":"cache","serviceURL":"http://localhost:8881","time":"2023-05-21 15:25:12"}
{"level":"error","msg":"[心跳检测] 检测错误...","sericeName":"cache","serviceURL":"http://localhost:8882","time":"2023-05-21 15:25:12"}
{"level":"info","msg":"Request received","time":"2023-05-21 16:16:30"}
{"ServiceName":"cache","ServiceURL":"http://localhost:8881","level":"info","msg":"Adding service:","time":"2023-05-21 16:16:34"}
{"ServiceName":"cache","ServiceURL":"http://localhost:8882","level":"info","msg":"Adding service:","time":"2023-05-21 16:16:37"}
{"ServiceName":"cache","ServiceURL":"http://localhost:8883","level":"info","msg":"Adding service:","time":"2023-05-21 16:16:40"}
{"level":"info","msg":"Remove service at URL:http://localhost:8881","time":"2023-05-21 16:16:45"}
{"level":"info","msg":"Remove service at URL:http://localhost:8883","time":"2023-05-21 16:17:34"}
{"level":"info","msg":"Remove service at URL:http://localhost:8882","time":"2023-05-21 16:17:44"}
{"ServiceName":"cache","ServiceURL":"http://localhost:8881","level":"info","msg":"Adding service:","time":"2023-05-21 16:18:00"}
{"ServiceName":"cache","ServiceURL":"http://localhost:8882","level":"info","msg":"Adding service:","time":"2023-05-21 16:18:03"}
{"ServiceName":"cache","ServiceURL":"http://localhost:8883","level":"info","msg":"Adding service:","time":"2023-05-21 16:18:05"}
{"level":"info","msg":"Remove service at URL:http://localhost:8883","time":"2023-05-21 16:18:08"}
{"level":"error","msg":"参数不全或有误","time":"2023-05-21 16:18:39"}
{"level":"error","msg":"参数不全或有误","time":"2023-05-21 16:19:45"}
{"ServiceName":"cache","ServiceURL":"http://localhost:8883","level":"info","msg":"Adding service:","time":"2023-05-21 16:20:01"}
{"level":"error","msg":"[心跳检测] 检测错误...","sericeName":"cache","serviceURL":"http://localhost:8883","time":"2023-05-21 16:20:06"}
{"level":"error","msg":"[心跳检测] 检测错误...","sericeName":"cache","serviceURL":"http://localhost:8883","time":"2023-05-21 16:20:06"}
{"level":"error","msg":"[心跳检测] 检测错误...","sericeName":"cache","serviceURL":"http://localhost:8883","time":"2023-05-21 16:20:06"}
{"ServiceName":"cache","ServiceURL":"http://localhost:8883","level":"info","msg":"Adding service:","time":"2023-05-21 16:20:10"}
{"level":"error","msg":"[心跳检测] 检测错误...","sericeName":"cache","serviceURL":"http://localhost:8883","time":"2023-05-21 16:20:11"}
{"level":"error","msg":"[心跳检测] 检测错误...","sericeName":"cache","serviceURL":"http://localhost:8883","time":"2023-05-21 16:20:11"}
{"level":"error","msg":"[心跳检测] 检测错误...","sericeName":"cache","serviceURL":"http://localhost:8883","time":"2023-05-21 16:20:11"}
{"ServiceName":"cache","ServiceURL":"http://localhost:8883","level":"info","msg":"Adding service:","time":"2023-05-21 16:20:12"}
{"level":"error","msg":"[心跳检测] 检测错误...","sericeName":"cache","serviceURL":"http://localhost:8883","time":"2023-05-21 16:20:16"}
{"level":"error","msg":"[心跳检测] 检测错误...","sericeName":"cache","serviceURL":"http://localhost:8883","time":"2023-05-21 16:20:16"}
{"level":"error","msg":"[心跳检测] 检测错误...","sericeName":"cache","serviceURL":"http://localhost:8883","time":"2023-05-21 16:20:16"}
{"ServiceName":"cache","ServiceURL":"http://localhost:8883","level":"info","msg":"Adding service:","time":"2023-05-21 16:20:30"}
{"level":"info","msg":"Remove service at URL:http://localhost:8883","time":"2023-05-21 16:20:37"}
{"ServiceName":"cache","ServiceURL":"http://localhost:8883","level":"info","msg":"Adding service:","time":"2023-05-21 16:20:40"}
{"level":"error","msg":"[心跳检测] 检测错误...","sericeName":"cache","serviceURL":"http://localhost:8883","time":"2023-05-21 16:20:41"}
{"level":"error","msg":"[心跳检测] 检测错误...","sericeName":"cache","serviceURL":"http://localhost:8883","time":"2023-05-21 16:20:41"}
{"level":"error","msg":"[心跳检测] 检测错误...","sericeName":"cache","serviceURL":"http://localhost:8883","time":"2023-05-21 16:20:41"}
{"ServiceName":"cache","ServiceURL":"http://localhost:8883","level":"info","msg":"Adding service:","time":"2023-05-21 16:20:45"}
{"level":"error","msg":"[心跳检测] 检测错误...","sericeName":"cache","serviceURL":"http://localhost:8883","time":"2023-05-21 16:20:46"}
{"level":"error","msg":"[心跳检测] 检测错误...","sericeName":"cache","serviceURL":"http://localhost:8883","time":"2023-05-21 16:20:46"}
{"level":"error","msg":"[心跳检测] 检测错误...","sericeName":"cache","serviceURL":"http://localhost:8883","time":"2023-05-21 16:20:46"}
{"ServiceName":"cache","ServiceURL":"http://localhost:8883","level":"info","msg":"Adding service:","time":"2023-05-21 16:20:47"}
{"level":"error","msg":"[心跳检测] 检测错误...","sericeName":"cache","serviceURL":"http://localhost:8883","time":"2023-05-21 16:20:51"}
{"level":"error","msg":"[心跳检测] 检测错误...","sericeName":"cache","serviceURL":"http://localhost:8883","time":"2023-05-21 16:20:51"}
{"level":"error","msg":"[心跳检测] 检测错误...","sericeName":"cache","serviceURL":"http://localhost:8883","time":"2023-05-21 16:20:51"}
{"ServiceName":"cache","ServiceURL":"http://localhost:8883","level":"info","msg":"Adding service:","time":"2023-05-21 16:20:52"}
{"level":"error","msg":"[心跳检测] 检测错误...","sericeName":"cache","serviceURL":"http://localhost:8883","time":"2023-05-21 16:20:56"}
{"level":"error","msg":"[心跳检测] 检测错误...","sericeName":"cache","serviceURL":"http://localhost:8883","time":"2023-05-21 16:20:56"}
{"level":"error","msg":"[心跳检测] 检测错误...","sericeName":"cache","serviceURL":"http://localhost:8883","time":"2023-05-21 16:20:56"}
