{"file":"/home/zzk/go/zkCacheDemo/zkCache/registry/service.go:40","func":"zkCache/registry.RegisterHandlers","level":"info","msg":"Request received","time":"2023-05-29 23:34:45"}
{"ServiceName":"cache","ServiceURL":"http://localhost:8881","file":"/home/zzk/go/zkCacheDemo/zkCache/registry/service.go:63","func":"zkCache/registry.addService","level":"info","msg":"Adding service:","time":"2023-05-29 23:35:44"}
{"ServiceName":"cache","ServiceURL":"http://localhost:8883","file":"/home/zzk/go/zkCacheDemo/zkCache/registry/service.go:63","func":"zkCache/registry.addService","level":"info","msg":"Adding service:","time":"2023-05-29 23:35:49"}
{"file":"/home/zzk/go/zkCacheDemo/zkCache/controller.go:118","func":"zkCache.(*Controller).load","level":"debug","localNode_index: ":0,"msg":"","remoteNode_index":1,"time":"2023-05-29 23:35:52"}
{"file":"/home/zzk/go/zkCacheDemo/zkCache/controller.go:118","func":"zkCache.(*Controller).load","level":"debug","localNode_index: ":1,"msg":"","remoteNode_index":0,"time":"2023-05-29 23:35:52"}
{"err":"server returned: 400 Bad Request","fields.msg":"可能是节点突然挂了 || 或者是二次环形访问  ..... ","file":"/home/zzk/go/zkCacheDemo/zkCache/controller.go:135","func":"zkCache.(*Controller).load","level":"warning","msg":"Controller request to remote:","time":"2023-05-29 23:35:52"}
{"data":"test11111111111Value","file":"/home/zzk/go/zkCacheDemo/zkCache/controller.go:141","func":"zkCache.(*Controller).load","level":"info","msg":"Controller get result form remote:","time":"2023-05-29 23:35:52"}
{"file":"/home/zzk/go/zkCacheDemo/zkCache/registry/service.go:40","func":"zkCache/registry.RegisterHandlers","level":"info","msg":"Request received","time":"2023-05-29 23:39:00"}
{"file":"/home/zzk/go/zkCacheDemo/zkCache/registry/service.go:40","func":"zkCache/registry.RegisterHandlers","level":"info","msg":"Request received","time":"2023-05-29 23:39:23"}
{"file":"/home/zzk/go/zkCacheDemo/zkCache/registry/service.go:40","func":"zkCache/registry.RegisterHandlers","level":"info","msg":"Request received","time":"2023-05-29 23:48:04"}
{"file":"/home/zzk/go/zkCacheDemo/zkCache/registry/service.go:85","func":"zkCache/registry.removeService","level":"info","msg":"Remove service at URL:http://localhost:8881","time":"2023-05-29 23:48:07"}
{"file":"/home/zzk/go/zkCacheDemo/zkCache/registry/service.go:88","func":"zkCache/registry.removeService","level":"error","msg":"Not found serviceName: cache ,not found URL: http://localhost:8881","time":"2023-05-29 23:48:07"}
{"ServiceName":"cache","ServiceURL":"http://localhost:8881","file":"/home/zzk/go/zkCacheDemo/zkCache/registry/service.go:63","func":"zkCache/registry.addService","level":"info","msg":"Adding service:","time":"2023-05-29 23:48:10"}
{"file":"/home/zzk/go/zkCacheDemo/zkCache/registry/service.go:209","func":"zkCache/registry.updateNodesMsg","level":"debug","msg":"","time":"2023-05-29 23:48:10","urls":["http://localhost:8881"]}
{"file":"/home/zzk/go/zkCacheDemo/zkCache/registry/service.go:241","func":"zkCache/registry.updateNodesMsg","level":"debug","msg":"","send update msg response data":"{\"code\":200,\"data\":null,\"msg\":\"success\"}","time":"2023-05-29 23:48:10"}
{"file":"/home/zzk/go/zkCacheDemo/zkCache/registry/service.go:85","func":"zkCache/registry.removeService","level":"info","msg":"Remove service at URL:http://localhost:8883","time":"2023-05-29 23:48:12"}
{"file":"/home/zzk/go/zkCacheDemo/zkCache/registry/service.go:88","func":"zkCache/registry.removeService","level":"error","msg":"Found serviceName: cache ,not found URL: http://localhost:8883","time":"2023-05-29 23:48:12"}
{"ServiceName":"cache","ServiceURL":"http://localhost:8883","file":"/home/zzk/go/zkCacheDemo/zkCache/registry/service.go:63","func":"zkCache/registry.addService","level":"info","msg":"Adding service:","time":"2023-05-29 23:48:14"}
{"file":"/home/zzk/go/zkCacheDemo/zkCache/registry/service.go:209","func":"zkCache/registry.updateNodesMsg","level":"debug","msg":"","time":"2023-05-29 23:48:14","urls":["http://localhost:8881","http://localhost:8883"]}
{"file":"/home/zzk/go/zkCacheDemo/zkCache/registry/service.go:241","func":"zkCache/registry.updateNodesMsg","level":"debug","msg":"","send update msg response data":"{\"code\":200,\"data\":null,\"msg\":\"success\"}","time":"2023-05-29 23:48:14"}
{"file":"/home/zzk/go/zkCacheDemo/zkCache/registry/service.go:241","func":"zkCache/registry.updateNodesMsg","level":"debug","msg":"","send update msg response data":"{\"code\":200,\"data\":null,\"msg\":\"success\"}","time":"2023-05-29 23:48:14"}
{"file":"/home/zzk/go/zkCacheDemo/zkCache/registry/service.go:40","func":"zkCache/registry.RegisterHandlers","level":"info","msg":"Request received","time":"2023-05-29 23:57:39"}
{"file":"/home/zzk/go/zkCacheDemo/zkCache/registry/service.go:85","func":"zkCache/registry.removeService","level":"info","msg":"Remove service at URL:http://localhost:8881","time":"2023-05-29 23:57:41"}
{"file":"/home/zzk/go/zkCacheDemo/zkCache/registry/service.go:88","func":"zkCache/registry.removeService","level":"error","msg":"Not found serviceName: cache ,not found URL: http://localhost:8881","time":"2023-05-29 23:57:41"}
{"ServiceName":"cache","ServiceURL":"http://localhost:8881","file":"/home/zzk/go/zkCacheDemo/zkCache/registry/service.go:63","func":"zkCache/registry.addService","level":"info","msg":"Adding service:","time":"2023-05-29 23:57:42"}
{"file":"/home/zzk/go/zkCacheDemo/zkCache/registry/service.go:209","func":"zkCache/registry.updateNodesMsg","level":"debug","msg":"","time":"2023-05-29 23:57:42","urls":["http://localhost:8881"]}
{"file":"/home/zzk/go/zkCacheDemo/zkCache/registry/service.go:241","func":"zkCache/registry.updateNodesMsg","level":"debug","msg":"","send update msg response data":"{\"code\":200,\"data\":null,\"msg\":\"success\"}","time":"2023-05-29 23:57:42"}
{"file":"/home/zzk/go/zkCacheDemo/zkCache/registry/service.go:40","func":"zkCache/registry.RegisterHandlers","level":"info","msg":"Request received","time":"2023-05-29 23:58:45"}
{"file":"/home/zzk/go/zkCacheDemo/zkCache/registry/service.go:85","func":"zkCache/registry.removeService","level":"info","msg":"Remove service at URL:http://localhost:8881","time":"2023-05-29 23:58:46"}
{"file":"/home/zzk/go/zkCacheDemo/zkCache/registry/service.go:88","func":"zkCache/registry.removeService","level":"error","msg":"Not found serviceName: cache ,not found URL: http://localhost:8881","time":"2023-05-29 23:58:46"}
{"ServiceName":"cache","ServiceURL":"http://localhost:8881","file":"/home/zzk/go/zkCacheDemo/zkCache/registry/service.go:63","func":"zkCache/registry.addService","level":"info","msg":"Adding service:","time":"2023-05-29 23:58:48"}
{"file":"/home/zzk/go/zkCacheDemo/zkCache/registry/service.go:209","func":"zkCache/registry.updateNodesMsg","level":"debug","msg":"","time":"2023-05-29 23:58:48","urls":["http://localhost:8881"]}
{"file":"/home/zzk/go/zkCacheDemo/zkCache/service/service.go:82","func":"zkCache/service.baseService.func2","level":"debug","msg":"","time":"2023-05-29 23:58:48","urls":["http://localhost:8881"]}
{"file":"/home/zzk/go/zkCacheDemo/zkCache/registry/service.go:241","func":"zkCache/registry.updateNodesMsg","level":"debug","msg":"","send update msg response data":"{\"code\":200,\"data\":null,\"msg\":\"success\"}","time":"2023-05-29 23:58:48"}
{"file":"/home/zzk/go/zkCacheDemo/zkCache/registry/service.go:85","func":"zkCache/registry.removeService","level":"info","msg":"Remove service at URL:http://localhost:8883","time":"2023-05-29 23:58:50"}
{"file":"/home/zzk/go/zkCacheDemo/zkCache/registry/service.go:88","func":"zkCache/registry.removeService","level":"error","msg":"Found serviceName: cache ,not found URL: http://localhost:8883","time":"2023-05-29 23:58:50"}
{"ServiceName":"cache","ServiceURL":"http://localhost:8883","file":"/home/zzk/go/zkCacheDemo/zkCache/registry/service.go:63","func":"zkCache/registry.addService","level":"info","msg":"Adding service:","time":"2023-05-29 23:58:52"}
{"file":"/home/zzk/go/zkCacheDemo/zkCache/registry/service.go:209","func":"zkCache/registry.updateNodesMsg","level":"debug","msg":"","time":"2023-05-29 23:58:52","urls":["http://localhost:8881","http://localhost:8883"]}
{"file":"/home/zzk/go/zkCacheDemo/zkCache/service/service.go:82","func":"zkCache/service.baseService.func2","level":"debug","msg":"","time":"2023-05-29 23:58:52","urls":["http://localhost:8881","http://localhost:8883"]}
{"file":"/home/zzk/go/zkCacheDemo/zkCache/registry/service.go:241","func":"zkCache/registry.updateNodesMsg","level":"debug","msg":"","send update msg response data":"{\"code\":200,\"data\":null,\"msg\":\"success\"}","time":"2023-05-29 23:58:52"}
{"file":"/home/zzk/go/zkCacheDemo/zkCache/service/service.go:82","func":"zkCache/service.baseService.func2","level":"debug","msg":"","time":"2023-05-29 23:58:52","urls":["http://localhost:8881","http://localhost:8883"]}
{"file":"/home/zzk/go/zkCacheDemo/zkCache/registry/service.go:241","func":"zkCache/registry.updateNodesMsg","level":"debug","msg":"","send update msg response data":"{\"code\":200,\"data\":null,\"msg\":\"success\"}","time":"2023-05-29 23:58:52"}
{"file":"/home/zzk/go/zkCacheDemo/zkCache/registry/service.go:85","func":"zkCache/registry.removeService","level":"info","msg":"Remove service at URL:http://localhost:8881","time":"2023-05-29 23:59:22"}
{"file":"/home/zzk/go/zkCacheDemo/zkCache/registry/service.go:209","func":"zkCache/registry.updateNodesMsg","level":"debug","msg":"","time":"2023-05-29 23:59:22","urls":["http://localhost:8883"]}
{"file":"/home/zzk/go/zkCacheDemo/zkCache/service/service.go:82","func":"zkCache/service.baseService.func2","level":"debug","msg":"","time":"2023-05-29 23:59:22","urls":["http://localhost:8883"]}
{"file":"/home/zzk/go/zkCacheDemo/zkCache/registry/service.go:241","func":"zkCache/registry.updateNodesMsg","level":"debug","msg":"","send update msg response data":"{\"code\":200,\"data\":null,\"msg\":\"success\"}","time":"2023-05-29 23:59:22"}
{"ServiceName":"cache","ServiceURL":"http://localhost:8881","file":"/home/zzk/go/zkCacheDemo/zkCache/registry/service.go:63","func":"zkCache/registry.addService","level":"info","msg":"Adding service:","time":"2023-05-29 23:59:23"}
{"file":"/home/zzk/go/zkCacheDemo/zkCache/registry/service.go:209","func":"zkCache/registry.updateNodesMsg","level":"debug","msg":"","time":"2023-05-29 23:59:23","urls":["http://localhost:8881","http://localhost:8883"]}
{"file":"/home/zzk/go/zkCacheDemo/zkCache/service/service.go:83","func":"zkCache/service.baseService.func2","level":"debug","msg":"","time":"2023-05-29 23:59:23","urls":"http://localhost:8881,http://localhost:8883"}
{"file":"/home/zzk/go/zkCacheDemo/zkCache/registry/service.go:241","func":"zkCache/registry.updateNodesMsg","level":"debug","msg":"","send update msg response data":"{\"code\":200,\"data\":null,\"msg\":\"success\"}","time":"2023-05-29 23:59:23"}
{"file":"/home/zzk/go/zkCacheDemo/zkCache/service/service.go:82","func":"zkCache/service.baseService.func2","level":"debug","msg":"","time":"2023-05-29 23:59:23","urls":["http://localhost:8881","http://localhost:8883"]}
{"file":"/home/zzk/go/zkCacheDemo/zkCache/registry/service.go:241","func":"zkCache/registry.updateNodesMsg","level":"debug","msg":"","send update msg response data":"{\"code\":200,\"data\":null,\"msg\":\"success\"}","time":"2023-05-29 23:59:23"}
{"file":"/home/zzk/go/zkCacheDemo/zkCache/registry/service.go:40","func":"zkCache/registry.RegisterHandlers","level":"info","msg":"Request received","time":"2023-05-29 23:59:28"}
{"file":"/home/zzk/go/zkCacheDemo/zkCache/registry/service.go:85","func":"zkCache/registry.removeService","level":"info","msg":"Remove service at URL:http://localhost:8881","time":"2023-05-29 23:59:29"}
{"file":"/home/zzk/go/zkCacheDemo/zkCache/registry/service.go:88","func":"zkCache/registry.removeService","level":"error","msg":"Not found serviceName: cache ,not found URL: http://localhost:8881","time":"2023-05-29 23:59:29"}
{"ServiceName":"cache","ServiceURL":"http://localhost:8881","file":"/home/zzk/go/zkCacheDemo/zkCache/registry/service.go:63","func":"zkCache/registry.addService","level":"info","msg":"Adding service:","time":"2023-05-29 23:59:32"}
{"file":"/home/zzk/go/zkCacheDemo/zkCache/registry/service.go:209","func":"zkCache/registry.updateNodesMsg","level":"debug","msg":"","time":"2023-05-29 23:59:32","urls":["http://localhost:8881"]}
{"file":"/home/zzk/go/zkCacheDemo/zkCache/service/service.go:83","func":"zkCache/service.baseService.func2","level":"debug","msg":"","time":"2023-05-29 23:59:32","urls":"http://localhost:8881"}
{"file":"/home/zzk/go/zkCacheDemo/zkCache/registry/service.go:241","func":"zkCache/registry.updateNodesMsg","level":"debug","msg":"","send update msg response data":"{\"code\":200,\"data\":null,\"msg\":\"success\"}","time":"2023-05-29 23:59:32"}
{"file":"/home/zzk/go/zkCacheDemo/zkCache/registry/service.go:40","func":"zkCache/registry.RegisterHandlers","level":"info","msg":"Request received","time":"2023-05-29 23:59:42"}
{"file":"/home/zzk/go/zkCacheDemo/zkCache/registry/service.go:85","func":"zkCache/registry.removeService","level":"info","msg":"Remove service at URL:http://localhost:8881","time":"2023-05-29 23:59:43"}
{"file":"/home/zzk/go/zkCacheDemo/zkCache/registry/service.go:88","func":"zkCache/registry.removeService","level":"error","msg":"Not found serviceName: cache ,not found URL: http://localhost:8881","time":"2023-05-29 23:59:43"}
{"file":"/home/zzk/go/zkCacheDemo/zkCache/registry/service.go:85","func":"zkCache/registry.removeService","level":"info","msg":"Remove service at URL:http://localhost:8883","time":"2023-05-29 23:59:46"}
{"file":"/home/zzk/go/zkCacheDemo/zkCache/registry/service.go:88","func":"zkCache/registry.removeService","level":"error","msg":"Not found serviceName: cache ,not found URL: http://localhost:8883","time":"2023-05-29 23:59:46"}
{"file":"/home/zzk/go/zkCacheDemo/zkCache/registry/service.go:40","func":"zkCache/registry.RegisterHandlers","level":"info","msg":"Request received","time":"2023-05-29 23:59:52"}
{"ServiceName":"cache","ServiceURL":"http://localhost:8881","file":"/home/zzk/go/zkCacheDemo/zkCache/registry/service.go:63","func":"zkCache/registry.addService","level":"info","msg":"Adding service:","time":"2023-05-29 23:59:53"}
{"file":"/home/zzk/go/zkCacheDemo/zkCache/registry/service.go:209","func":"zkCache/registry.updateNodesMsg","level":"debug","msg":"","time":"2023-05-29 23:59:53","urls":["http://localhost:8881"]}
{"file":"/home/zzk/go/zkCacheDemo/zkCache/service/service.go:82","func":"zkCache/service.baseService.func2","level":"debug","msg":"","time":"2023-05-29 23:59:53","urls":"http://localhost:8881"}
{"file":"/home/zzk/go/zkCacheDemo/zkCache/registry/service.go:241","func":"zkCache/registry.updateNodesMsg","level":"debug","msg":"","send update msg response data":"{\"code\":200,\"data\":null,\"msg\":\"success\"}","time":"2023-05-29 23:59:53"}
{"ServiceName":"cache","ServiceURL":"http://localhost:8883","file":"/home/zzk/go/zkCacheDemo/zkCache/registry/service.go:63","func":"zkCache/registry.addService","level":"info","msg":"Adding service:","time":"2023-05-29 23:59:55"}
{"file":"/home/zzk/go/zkCacheDemo/zkCache/registry/service.go:209","func":"zkCache/registry.updateNodesMsg","level":"debug","msg":"","time":"2023-05-29 23:59:55","urls":["http://localhost:8881","http://localhost:8883"]}
{"file":"/home/zzk/go/zkCacheDemo/zkCache/service/service.go:82","func":"zkCache/service.baseService.func2","level":"debug","msg":"","time":"2023-05-29 23:59:55","urls":"http://localhost:8881,http://localhost:8883"}
{"file":"/home/zzk/go/zkCacheDemo/zkCache/registry/service.go:241","func":"zkCache/registry.updateNodesMsg","level":"debug","msg":"","send update msg response data":"{\"code\":200,\"data\":null,\"msg\":\"success\"}","time":"2023-05-29 23:59:55"}
{"file":"/home/zzk/go/zkCacheDemo/zkCache/service/service.go:82","func":"zkCache/service.baseService.func2","level":"debug","msg":"","time":"2023-05-29 23:59:55","urls":"http://localhost:8881,http://localhost:8883"}
{"file":"/home/zzk/go/zkCacheDemo/zkCache/registry/service.go:241","func":"zkCache/registry.updateNodesMsg","level":"debug","msg":"","send update msg response data":"{\"code\":200,\"data\":null,\"msg\":\"success\"}","time":"2023-05-29 23:59:55"}
{"file":"/home/zzk/go/zkCacheDemo/zkCache/registry/service.go:40","func":"zkCache/registry.RegisterHandlers","level":"info","msg":"Request received","time":"2023-05-30 00:04:25"}
{"file":"/home/zzk/go/zkCacheDemo/zkCache/registry/service.go:85","func":"zkCache/registry.removeService","level":"info","msg":"Remove service at URL:http://localhost:8881","time":"2023-05-30 00:04:27"}
{"file":"/home/zzk/go/zkCacheDemo/zkCache/registry/service.go:88","func":"zkCache/registry.removeService","level":"error","msg":"Not found serviceName: cache ,not found URL: http://localhost:8881","time":"2023-05-30 00:04:27"}
{"file":"/home/zzk/go/zkCacheDemo/zkCache/registry/service.go:85","func":"zkCache/registry.removeService","level":"info","msg":"Remove service at URL:http://localhost:8883","time":"2023-05-30 00:04:30"}
{"file":"/home/zzk/go/zkCacheDemo/zkCache/registry/service.go:88","func":"zkCache/registry.removeService","level":"error","msg":"Not found serviceName: cache ,not found URL: http://localhost:8883","time":"2023-05-30 00:04:30"}
{"file":"/home/zzk/go/zkCacheDemo/zkCache/registry/service.go:40","func":"zkCache/registry.RegisterHandlers","level":"info","msg":"Request received","time":"2023-05-30 00:04:34"}
{"fields.msg":"cache started. Press use 'Ctrl + c' to stop.","file":"/home/zzk/go/zkCacheDemo/zkCache/service/service.go:62","func":"zkCache/service.startService.func2","level":"info","msg":"","time":"2023-05-30 00:04:37"}
{"ServiceName":"cache","ServiceURL":"http://localhost:8881","file":"/home/zzk/go/zkCacheDemo/zkCache/registry/service.go:63","func":"zkCache/registry.addService","level":"info","msg":"Adding service:","time":"2023-05-30 00:04:37"}
{"file":"/home/zzk/go/zkCacheDemo/zkCache/registry/service.go:209","func":"zkCache/registry.updateNodesMsg","level":"debug","msg":"","time":"2023-05-30 00:04:37","urls":["http://localhost:8881"]}
{"file":"/home/zzk/go/zkCacheDemo/zkCache/service/service.go:82","func":"zkCache/service.baseService.func2","level":"debug","msg":"","time":"2023-05-30 00:04:37","urls":"http://localhost:8881"}
{"file":"/home/zzk/go/zkCacheDemo/zkCache/registry/service.go:241","func":"zkCache/registry.updateNodesMsg","level":"debug","msg":"","send update msg response data":"{\"code\":200,\"data\":null,\"msg\":\"success\"}","time":"2023-05-30 00:04:37"}
{"fields.msg":"cache started. Press use 'Ctrl + c' to stop.","file":"/home/zzk/go/zkCacheDemo/zkCache/service/service.go:62","func":"zkCache/service.startService.func2","level":"info","msg":"","time":"2023-05-30 00:04:49"}
{"ServiceName":"cache","ServiceURL":"http://localhost:8883","file":"/home/zzk/go/zkCacheDemo/zkCache/registry/service.go:63","func":"zkCache/registry.addService","level":"info","msg":"Adding service:","time":"2023-05-30 00:04:49"}
{"file":"/home/zzk/go/zkCacheDemo/zkCache/registry/service.go:209","func":"zkCache/registry.updateNodesMsg","level":"debug","msg":"","time":"2023-05-30 00:04:49","urls":["http://localhost:8881","http://localhost:8883"]}
{"file":"/home/zzk/go/zkCacheDemo/zkCache/service/service.go:82","func":"zkCache/service.baseService.func2","level":"debug","msg":"","time":"2023-05-30 00:04:49","urls":"http://localhost:8881,http://localhost:8883"}
{"file":"/home/zzk/go/zkCacheDemo/zkCache/registry/service.go:241","func":"zkCache/registry.updateNodesMsg","level":"debug","msg":"","send update msg response data":"{\"code\":200,\"data\":null,\"msg\":\"success\"}","time":"2023-05-30 00:04:49"}
{"file":"/home/zzk/go/zkCacheDemo/zkCache/service/service.go:82","func":"zkCache/service.baseService.func2","level":"debug","msg":"","time":"2023-05-30 00:04:49","urls":"http://localhost:8881,http://localhost:8883"}
{"file":"/home/zzk/go/zkCacheDemo/zkCache/registry/service.go:241","func":"zkCache/registry.updateNodesMsg","level":"debug","msg":"","send update msg response data":"{\"code\":200,\"data\":null,\"msg\":\"success\"}","time":"2023-05-30 00:04:49"}
{"file":"/home/zzk/go/zkCacheDemo/zkCache/service/service.go:53","func":"zkCache/service.startService.func1","level":"info","msg":"","startService":"http: Server closed","time":"2023-05-30 00:04:57"}
{"file":"/home/zzk/go/zkCacheDemo/zkCache/registry/service.go:85","func":"zkCache/registry.removeService","level":"info","msg":"Remove service at URL:http://localhost:8881","time":"2023-05-30 00:04:57"}
{"file":"/home/zzk/go/zkCacheDemo/zkCache/registry/service.go:209","func":"zkCache/registry.updateNodesMsg","level":"debug","msg":"","time":"2023-05-30 00:04:57","urls":["http://localhost:8883"]}
{"file":"/home/zzk/go/zkCacheDemo/zkCache/service/service.go:82","func":"zkCache/service.baseService.func2","level":"debug","msg":"","time":"2023-05-30 00:04:57","urls":"http://localhost:8883"}
{"file":"/home/zzk/go/zkCacheDemo/zkCache/registry/service.go:241","func":"zkCache/registry.updateNodesMsg","level":"debug","msg":"","send update msg response data":"{\"code\":200,\"data\":null,\"msg\":\"success\"}","time":"2023-05-30 00:04:57"}
{"fields.msg":"cache started. Press use 'Ctrl + c' to stop.","file":"/home/zzk/go/zkCacheDemo/zkCache/service/service.go:62","func":"zkCache/service.startService.func2","level":"info","msg":"","time":"2023-05-30 00:05:53"}
{"ServiceName":"cache","ServiceURL":"http://localhost:8881","file":"/home/zzk/go/zkCacheDemo/zkCache/registry/service.go:63","func":"zkCache/registry.addService","level":"info","msg":"Adding service:","time":"2023-05-30 00:05:53"}
{"file":"/home/zzk/go/zkCacheDemo/zkCache/registry/service.go:209","func":"zkCache/registry.updateNodesMsg","level":"debug","msg":"","time":"2023-05-30 00:05:53","urls":["http://localhost:8881","http://localhost:8883"]}
{"file":"/home/zzk/go/zkCacheDemo/zkCache/service/service.go:82","func":"zkCache/service.baseService.func2","level":"debug","msg":"","time":"2023-05-30 00:05:53","urls":"http://localhost:8881,http://localhost:8883"}
{"file":"/home/zzk/go/zkCacheDemo/zkCache/registry/service.go:241","func":"zkCache/registry.updateNodesMsg","level":"debug","msg":"","send update msg response data":"{\"code\":200,\"data\":null,\"msg\":\"success\"}","time":"2023-05-30 00:05:53"}
{"file":"/home/zzk/go/zkCacheDemo/zkCache/service/service.go:82","func":"zkCache/service.baseService.func2","level":"debug","msg":"","time":"2023-05-30 00:05:53","urls":"http://localhost:8881,http://localhost:8883"}
{"file":"/home/zzk/go/zkCacheDemo/zkCache/registry/service.go:241","func":"zkCache/registry.updateNodesMsg","level":"debug","msg":"","send update msg response data":"{\"code\":200,\"data\":null,\"msg\":\"success\"}","time":"2023-05-30 00:05:53"}
{"fields.msg":"http: Server closed","file":"/home/zzk/go/zkCacheDemo/zkCache/service/service.go:53","func":"zkCache/service.startService.func1","level":"warning","msg":"","time":"2023-05-30 00:05:55"}
{"file":"/home/zzk/go/zkCacheDemo/zkCache/registry/service.go:85","func":"zkCache/registry.removeService","level":"info","msg":"Remove service at URL:http://localhost:8881","time":"2023-05-30 00:05:55"}
{"file":"/home/zzk/go/zkCacheDemo/zkCache/registry/service.go:209","func":"zkCache/registry.updateNodesMsg","level":"debug","msg":"","time":"2023-05-30 00:05:55","urls":["http://localhost:8883"]}
{"file":"/home/zzk/go/zkCacheDemo/zkCache/service/service.go:82","func":"zkCache/service.baseService.func2","level":"debug","msg":"","time":"2023-05-30 00:05:55","urls":"http://localhost:8883"}
{"file":"/home/zzk/go/zkCacheDemo/zkCache/registry/service.go:241","func":"zkCache/registry.updateNodesMsg","level":"debug","msg":"","send update msg response data":"{\"code\":200,\"data\":null,\"msg\":\"success\"}","time":"2023-05-30 00:05:55"}
{"fields.msg":"cache started. Press use 'Ctrl + c' to stop.","file":"/home/zzk/go/zkCacheDemo/zkCache/service/service.go:62","func":"zkCache/service.startService.func2","level":"info","msg":"","time":"2023-05-30 00:05:57"}
{"ServiceName":"cache","ServiceURL":"http://localhost:8881","file":"/home/zzk/go/zkCacheDemo/zkCache/registry/service.go:63","func":"zkCache/registry.addService","level":"info","msg":"Adding service:","time":"2023-05-30 00:05:57"}
{"file":"/home/zzk/go/zkCacheDemo/zkCache/registry/service.go:209","func":"zkCache/registry.updateNodesMsg","level":"debug","msg":"","time":"2023-05-30 00:05:57","urls":["http://localhost:8881","http://localhost:8883"]}
{"file":"/home/zzk/go/zkCacheDemo/zkCache/service/service.go:82","func":"zkCache/service.baseService.func2","level":"debug","msg":"","time":"2023-05-30 00:05:57","urls":"http://localhost:8881,http://localhost:8883"}
{"file":"/home/zzk/go/zkCacheDemo/zkCache/registry/service.go:241","func":"zkCache/registry.updateNodesMsg","level":"debug","msg":"","send update msg response data":"{\"code\":200,\"data\":null,\"msg\":\"success\"}","time":"2023-05-30 00:05:57"}
{"file":"/home/zzk/go/zkCacheDemo/zkCache/service/service.go:82","func":"zkCache/service.baseService.func2","level":"debug","msg":"","time":"2023-05-30 00:05:57","urls":"http://localhost:8881,http://localhost:8883"}
{"file":"/home/zzk/go/zkCacheDemo/zkCache/registry/service.go:241","func":"zkCache/registry.updateNodesMsg","level":"debug","msg":"","send update msg response data":"{\"code\":200,\"data\":null,\"msg\":\"success\"}","time":"2023-05-30 00:05:57"}
{"fields.msg":"http: Server closed","file":"/home/zzk/go/zkCacheDemo/zkCache/service/service.go:53","func":"zkCache/service.startService.func1","level":"warning","msg":"","time":"2023-05-30 00:05:58"}
{"file":"/home/zzk/go/zkCacheDemo/zkCache/registry/service.go:85","func":"zkCache/registry.removeService","level":"info","msg":"Remove service at URL:http://localhost:8881","time":"2023-05-30 00:05:58"}
{"file":"/home/zzk/go/zkCacheDemo/zkCache/registry/service.go:209","func":"zkCache/registry.updateNodesMsg","level":"debug","msg":"","time":"2023-05-30 00:05:58","urls":["http://localhost:8883"]}
{"file":"/home/zzk/go/zkCacheDemo/zkCache/service/service.go:82","func":"zkCache/service.baseService.func2","level":"debug","msg":"","time":"2023-05-30 00:05:58","urls":"http://localhost:8883"}
{"file":"/home/zzk/go/zkCacheDemo/zkCache/registry/service.go:241","func":"zkCache/registry.updateNodesMsg","level":"debug","msg":"","send update msg response data":"{\"code\":200,\"data\":null,\"msg\":\"success\"}","time":"2023-05-30 00:05:58"}
{"file":"/home/zzk/go/zkCacheDemo/zkCache/registry/service.go:40","func":"zkCache/registry.RegisterHandlers","level":"info","msg":"Request received","time":"2023-05-30 00:10:50"}
{"fields.msg":"cache started. Press use 'Ctrl + c' to stop.","file":"/home/zzk/go/zkCacheDemo/zkCache/service/service.go:62","func":"zkCache/service.startService.func2","level":"info","msg":"","time":"2023-05-30 00:10:53"}
{"ServiceName":"cache","ServiceURL":"http://localhost:8881","file":"/home/zzk/go/zkCacheDemo/zkCache/registry/service.go:63","func":"zkCache/registry.addService","level":"info","msg":"Adding service:","time":"2023-05-30 00:10:53"}
{"file":"/home/zzk/go/zkCacheDemo/zkCache/registry/service.go:209","func":"zkCache/registry.updateNodesMsg","level":"debug","msg":"","time":"2023-05-30 00:10:53","urls":["http://localhost:8881"]}
{"file":"/home/zzk/go/zkCacheDemo/zkCache/service/service.go:82","func":"zkCache/service.baseService.func2","level":"debug","msg":"","time":"2023-05-30 00:10:53","urls":"http://localhost:8881"}
{"file":"/home/zzk/go/zkCacheDemo/zkCache/registry/service.go:241","func":"zkCache/registry.updateNodesMsg","level":"debug","msg":"","send update msg response data":"{\"code\":200,\"data\":null,\"msg\":\"success\"}","time":"2023-05-30 00:10:53"}
{"file":"/home/zzk/go/zkCacheDemo/zkCache/service/service.go:53","func":"zkCache/service.startService.func1","level":"info","msg":"","startService":"http: Server closed","time":"2023-05-30 00:10:56"}
{"file":"/home/zzk/go/zkCacheDemo/zkCache/registry/service.go:85","func":"zkCache/registry.removeService","level":"info","msg":"Remove service at URL:http://localhost:8883","time":"2023-05-30 00:10:56"}
{"file":"/home/zzk/go/zkCacheDemo/zkCache/registry/service.go:88","func":"zkCache/registry.removeService","level":"error","msg":"Found serviceName: cache ,not found URL: http://localhost:8883","time":"2023-05-30 00:10:56"}
{"err":"Failed to deregister service. Register service response with code 400","file":"/home/zzk/go/zkCacheDemo/zkCache/service/service.go:56","func":"zkCache/service.startService.func1","level":"error","msg":"","time":"2023-05-30 00:10:56"}
{"fields.msg":"cache started. Press use 'Ctrl + c' to stop.","file":"/home/zzk/go/zkCacheDemo/zkCache/service/service.go:62","func":"zkCache/service.startService.func2","level":"info","msg":"","time":"2023-05-30 00:10:59"}
{"ServiceName":"cache","ServiceURL":"http://localhost:8883","file":"/home/zzk/go/zkCacheDemo/zkCache/registry/service.go:63","func":"zkCache/registry.addService","level":"info","msg":"Adding service:","time":"2023-05-30 00:10:59"}
{"file":"/home/zzk/go/zkCacheDemo/zkCache/registry/service.go:209","func":"zkCache/registry.updateNodesMsg","level":"debug","msg":"","time":"2023-05-30 00:10:59","urls":["http://localhost:8881","http://localhost:8883"]}
{"file":"/home/zzk/go/zkCacheDemo/zkCache/service/service.go:82","func":"zkCache/service.baseService.func2","level":"debug","msg":"","time":"2023-05-30 00:10:59","urls":"http://localhost:8881,http://localhost:8883"}
{"file":"/home/zzk/go/zkCacheDemo/zkCache/registry/service.go:241","func":"zkCache/registry.updateNodesMsg","level":"debug","msg":"","send update msg response data":"{\"code\":200,\"data\":null,\"msg\":\"success\"}","time":"2023-05-30 00:10:59"}
{"file":"/home/zzk/go/zkCacheDemo/zkCache/service/service.go:82","func":"zkCache/service.baseService.func2","level":"debug","msg":"","time":"2023-05-30 00:10:59","urls":"http://localhost:8881,http://localhost:8883"}
{"file":"/home/zzk/go/zkCacheDemo/zkCache/registry/service.go:241","func":"zkCache/registry.updateNodesMsg","level":"debug","msg":"","send update msg response data":"{\"code\":200,\"data\":null,\"msg\":\"success\"}","time":"2023-05-30 00:10:59"}
{"file":"/home/zzk/go/zkCacheDemo/zkCache/registry/service.go:40","func":"zkCache/registry.RegisterHandlers","level":"info","msg":"Request received","time":"2023-05-30 00:13:34"}
{"fields.msg":"注册中心 started. Press use 'Ctrl + c' to stop.","file":"/home/zzk/go/zkCacheDemo/zkCache/cmd/registryservice/main.go:54","func":"main.main.func2","level":"info","msg":"","time":"2023-05-30 00:13:34"}
{"fields.msg":"http: Server closed","file":"/home/zzk/go/zkCacheDemo/zkCache/service/service.go:53","func":"zkCache/service.startService.func1","level":"warning","msg":"","time":"2023-05-30 00:13:38"}
{"file":"/home/zzk/go/zkCacheDemo/zkCache/registry/service.go:85","func":"zkCache/registry.removeService","level":"info","msg":"Remove service at URL:http://localhost:8881","time":"2023-05-30 00:13:38"}
{"file":"/home/zzk/go/zkCacheDemo/zkCache/registry/service.go:88","func":"zkCache/registry.removeService","level":"error","msg":"Not found serviceName: cache ,not found URL: http://localhost:8881","time":"2023-05-30 00:13:38"}
{"err":"Failed to deregister service. Register service response with code 400","file":"/home/zzk/go/zkCacheDemo/zkCache/service/service.go:56","func":"zkCache/service.startService.func1","level":"error","msg":"","time":"2023-05-30 00:13:38"}
{"fields.msg":"cache started. Press use 'Ctrl + c' to stop.","file":"/home/zzk/go/zkCacheDemo/zkCache/service/service.go:62","func":"zkCache/service.startService.func2","level":"info","msg":"","time":"2023-05-30 00:13:40"}
{"ServiceName":"cache","ServiceURL":"http://localhost:8881","file":"/home/zzk/go/zkCacheDemo/zkCache/registry/service.go:63","func":"zkCache/registry.addService","level":"info","msg":"Adding service:","time":"2023-05-30 00:13:40"}
{"file":"/home/zzk/go/zkCacheDemo/zkCache/registry/service.go:209","func":"zkCache/registry.updateNodesMsg","level":"debug","msg":"","time":"2023-05-30 00:13:40","urls":["http://localhost:8881"]}
{"file":"/home/zzk/go/zkCacheDemo/zkCache/service/service.go:82","func":"zkCache/service.baseService.func2","level":"debug","msg":"","time":"2023-05-30 00:13:40","urls":"http://localhost:8881"}
{"file":"/home/zzk/go/zkCacheDemo/zkCache/registry/service.go:241","func":"zkCache/registry.updateNodesMsg","level":"debug","msg":"","send update msg response data":"{\"code\":200,\"data\":null,\"msg\":\"success\"}","time":"2023-05-30 00:13:40"}
{"fields.msg":"http: Server closed","file":"/home/zzk/go/zkCacheDemo/zkCache/cmd/registryservice/main.go:49","func":"main.main.func1","level":"warning","msg":"","time":"2023-05-30 00:14:40"}
{"fields.msg":"shutdown ....","file":"/home/zzk/go/zkCacheDemo/zkCache/cmd/registryservice/main.go:62","func":"main.main","level":"info","msg":"","time":"2023-05-30 00:14:40"}
{"fields.msg":"注册中心退出","file":"/home/zzk/go/zkCacheDemo/zkCache/cmd/registryservice/main.go:50","func":"main.main.func1","level":"warning","msg":"","time":"2023-05-30 00:14:40"}
{"fields.msg":"http: Server closed","file":"/home/zzk/go/zkCacheDemo/zkCache/service/service.go:53","func":"zkCache/service.startService.func1","level":"warning","msg":"","time":"2023-05-30 00:14:50"}
{"err":"Delete \"http://localhost:9999/services\": dial tcp 127.0.0.1:9999: connect: connection refused","file":"/home/zzk/go/zkCacheDemo/zkCache/service/service.go:56","func":"zkCache/service.startService.func1","level":"error","msg":"","time":"2023-05-30 00:14:50"}
{"fields.msg":"http: Server closed","file":"/home/zzk/go/zkCacheDemo/zkCache/service/service.go:53","func":"zkCache/service.startService.func1","level":"warning","msg":"","time":"2023-05-30 00:14:51"}
{"err":"Delete \"http://localhost:9999/services\": dial tcp 127.0.0.1:9999: connect: connection refused","file":"/home/zzk/go/zkCacheDemo/zkCache/service/service.go:56","func":"zkCache/service.startService.func1","level":"error","msg":"","time":"2023-05-30 00:14:51"}
